[0120/223845.758:ERROR:directory_reader_win.cc(43)] FindFirstFile: The system cannot find the path specified. (0x3)
[0121/090429.505:ERROR:process_memory_win.cc(73)] ReadMemory at 0x7ff7bc7b0000 of 64 bytes failed: Only part of a ReadProcessMemory or WriteProcessMemory request was completed. (0x12B)
[0121/090430.037:WARNING:pe_image_reader.cc(340)] could not read dos header from C:\Program Files (x86)\Google\Chrome\Application\chrome.exe
[0121/090430.037:ERROR:process_memory_win.cc(73)] ReadMemory at 0x7ff91fad0000 of 64 bytes failed: Only part of a ReadProcessMemory or WriteProcessMemory request was completed. (0x12B)
[0121/090430.037:WARNING:pe_image_reader.cc(340)] could not read dos header from C:\WINDOWS\SYSTEM32\ntdll.dll
[0121/090430.326:ERROR:process_memory_win.cc(73)] ReadMemory at 0x7ff91e570000 of 64 bytes failed: Only part of a ReadProcessMemory or WriteProcessMemory request was completed. (0x12B)
[0121/090430.326:WARNING:pe_image_reader.cc(340)] could not read dos header from C:\WINDOWS\System32\KERNEL32.DLL
[0121/090430.326:ERROR:process_memory_win.cc(73)] ReadMemory at 0x7ff91d600000 of 64 bytes failed: Only part of a ReadProcessMemory or WriteProcessMemory request was completed. (0x12B)
[0121/090430.326:WARNING:pe_image_reader.cc(340)] could not read dos header from C:\WINDOWS\System32\KERNELBASE.dll
[0121/090430.326:ERROR:process_memory_win.cc(73)] ReadMemory at 0x7ff8e0590000 of 64 bytes failed: Only part of a ReadProcessMemory or WriteProcessMemory request was completed. (0x12B)
[0121/090430.326:WARNING:pe_image_reader.cc(340)] could not read dos header from C:\Program Files (x86)\Google\Chrome\Application\87.0.4280.141\chrome_elf.dll
[0121/090430.326:ERROR:process_memory_win.cc(73)] ReadMemory at 0x7ff913180000 of 64 bytes failed: Only part of a ReadProcessMemory or WriteProcessMemory request was completed. (0x12B)
[0121/090430.326:WARNING:pe_image_reader.cc(340)] could not read dos header from C:\WINDOWS\SYSTEM32\VERSION.dll
[0121/090430.326:ERROR:process_memory_win.cc(73)] ReadMemory at 0x7ff91e450000 of 64 bytes failed: Only part of a ReadProcessMemory or WriteProcessMemory request was completed. (0x12B)
[0121/090430.326:WARNING:pe_image_reader.cc(340)] could not read dos header from C:\WINDOWS\System32\msvcrt.dll
[0121/090430.326:ERROR:process_memory_win.cc(73)] ReadMemory at 0x7ff91e710000 of 64 bytes failed: Only part of a ReadProcessMemory or WriteProcessMemory request was completed. (0x12B)
[0121/090430.326:WARNING:pe_image_reader.cc(340)] could not read dos header from C:\WINDOWS\System32\ADVAPI32.dll
[0121/090430.326:ERROR:process_memory_win.cc(73)] ReadMemory at 0x7ff91e3b0000 of 64 bytes failed: Only part of a ReadProcessMemory or WriteProcessMemory request was completed. (0x12B)
[0121/090430.326:WARNING:pe_image_reader.cc(340)] could not read dos header from C:\WINDOWS\System32\sechost.dll
[0121/090430.326:ERROR:process_memory_win.cc(73)] ReadMemory at 0x7ff91dfc0000 of 64 bytes failed: Only part of a ReadProcessMemory or WriteProcessMemory request was completed. (0x12B)
[0121/090430.327:WARNING:pe_image_reader.cc(340)] could not read dos header from C:\WINDOWS\System32\RPCRT4.dll
[0121/090430.327:ERROR:process_memory_win.cc(73)] ReadMemory at 0x7ff8c9c90000 of 64 bytes failed: Only part of a ReadProcessMemory or WriteProcessMemory request was completed. (0x12B)
[0121/090430.327:WARNING:pe_image_reader.cc(340)] could not read dos header from C:\Program Files (x86)\Google\Chrome\Application\87.0.4280.141\chrome.dll
[0121/090430.327:ERROR:process_memory_win.cc(73)] ReadMemory at 0x7ff91e340000 of 64 bytes failed: Only part of a ReadProcessMemory or WriteProcessMemory request was completed. (0x12B)
[0121/090430.327:WARNING:pe_image_reader.cc(340)] could not read dos header from C:\WINDOWS\System32\WS2_32.dll
[0121/090430.327:ERROR:process_memory_win.cc(73)] ReadMemory at 0x7ff91e7d0000 of 64 bytes failed: Only part of a ReadProcessMemory or WriteProcessMemory request was completed. (0x12B)
[0121/090430.327:WARNING:pe_image_reader.cc(340)] could not read dos header from C:\WINDOWS\System32\OLEAUT32.dll
[0121/090430.327:ERROR:process_memory_win.cc(73)] ReadMemory at 0x7ff91d950000 of 64 bytes failed: Only part of a ReadProcessMemory or WriteProcessMemory request was completed. (0x12B)
[0121/090430.327:WARNING:pe_image_reader.cc(340)] could not read dos header from C:\WINDOWS\System32\msvcp_win.dll
[0121/090430.327:ERROR:process_memory_win.cc(73)] ReadMemory at 0x7ff91d500000 of 64 bytes failed: Only part of a ReadProcessMemory or WriteProcessMemory request was completed. (0x12B)
[0121/090430.327:WARNING:pe_image_reader.cc(340)] could not read dos header from C:\WINDOWS\System32\ucrtbase.dll
[0121/090430.327:ERROR:process_memory_win.cc(73)] ReadMemory at 0x7ff91f6d0000 of 64 bytes failed: Only part of a ReadProcessMemory or WriteProcessMemory request was completed. (0x12B)
[0121/090430.327:WARNING:pe_image_reader.cc(340)] could not read dos header from C:\WINDOWS\System32\combase.dll
[0121/090430.327:ERROR:process_memory_win.cc(73)] ReadMemory at 0x7ff91d210000 of 64 bytes failed: Only part of a ReadProcessMemory or WriteProcessMemory request was completed. (0x12B)
[0121/090430.328:WARNING:pe_image_reader.cc(340)] could not read dos header from C:\WINDOWS\System32\WINTRUST.dll
[0121/090430.328:ERROR:process_memory_win.cc(73)] ReadMemory at 0x7ff91d320000 of 64 bytes failed: Only part of a ReadProcessMemory or WriteProcessMemory request was completed. (0x12B)
[0121/090430.328:WARNING:pe_image_reader.cc(340)] could not read dos header from C:\WINDOWS\System32\CRYPT32.dll
[0121/090430.328:ERROR:process_memory_win.cc(73)] ReadMemory at 0x7ff91ae60000 of 64 bytes failed: Only part of a ReadProcessMemory or WriteProcessMemory request was completed. (0x12B)
[0121/090430.328:WARNING:pe_image_reader.cc(340)] could not read dos header from C:\WINDOWS\SYSTEM32\dbghelp.dll
[0121/090430.328:ERROR:process_memory_win.cc(73)] ReadMemory at 0x7ff91c5d0000 of 64 bytes failed: Only part of a ReadProcessMemory or WriteProcessMemory request was completed. (0x12B)
[0121/090430.328:WARNING:pe_image_reader.cc(340)] could not read dos header from C:\WINDOWS\SYSTEM32\IPHLPAPI.DLL
[0121/090430.328:ERROR:process_memory_win.cc(73)] ReadMemory at 0x7ff912e20000 of 64 bytes failed: Only part of a ReadProcessMemory or WriteProcessMemory request was completed. (0x12B)
[0121/090430.328:WARNING:pe_image_reader.cc(340)] could not read dos header from C:\WINDOWS\SYSTEM32\WINMM.dll
[0121/090430.328:ERROR:process_memory_win.cc(73)] ReadMemory at 0x7ff8fcde0000 of 64 bytes failed: Only part of a ReadProcessMemory or WriteProcessMemory request was completed. (0x12B)
[0121/090430.328:WARNING:pe_image_reader.cc(340)] could not read dos header from C:\WINDOWS\SYSTEM32\UIAutomationCore.DLL
[0121/090430.328:ERROR:process_memory_win.cc(73)] ReadMemory at 0x7ff917f40000 of 64 bytes failed: Only part of a ReadProcessMemory or WriteProcessMemory request was completed. (0x12B)
[0121/090430.328:WARNING:pe_image_reader.cc(340)] could not read dos header from C:\WINDOWS\SYSTEM32\Secur32.dll
[0121/090430.328:ERROR:process_memory_win.cc(73)] ReadMemory at 0x7ff91d0c0000 of 64 bytes failed: Only part of a ReadProcessMemory or WriteProcessMemory request was completed. (0x12B)
[0121/090430.328:WARNING:pe_image_reader.cc(340)] could not read dos header from C:\WINDOWS\SYSTEM32\USERENV.dll
[0121/090430.328:ERROR:process_memory_win.cc(73)] ReadMemory at 0x7ff900ea0000 of 64 bytes failed: Only part of a ReadProcessMemory or WriteProcessMemory request was completed. (0x12B)
[0121/090430.329:WARNING:pe_image_reader.cc(340)] could not read dos header from C:\WINDOWS\SYSTEM32\DWrite.dll
[0121/090430.329:ERROR:process_memory_win.cc(73)] ReadMemory at 0x7ff912b10000 of 64 bytes failed: Only part of a ReadProcessMemory or WriteProcessMemory request was completed. (0x12B)
[0121/090430.329:WARNING:pe_image_reader.cc(340)] could not read dos header from C:\WINDOWS\SYSTEM32\WINSPOOL.DRV
[0121/090430.329:ERROR:process_memory_win.cc(73)] ReadMemory at 0x7ff915a90000 of 64 bytes failed: Only part of a ReadProcessMemory or WriteProcessMemory request was completed. (0x12B)
[0121/090430.329:WARNING:pe_image_reader.cc(340)] could not read dos header from C:\WINDOWS\SYSTEM32\WINHTTP.dll
[0121/090430.330:ERROR:process_memory_win.cc(73)] ReadMemory at 0x7ff916850000 of 64 bytes failed: Only part of a ReadProcessMemory or WriteProcessMemory request was completed. (0x12B)
[0121/090430.330:WARNING:pe_image_reader.cc(340)] could not read dos header from C:\WINDOWS\SYSTEM32\dhcpcsvc.DLL
[0121/090430.330:ERROR:process_memory_win.cc(73)] ReadMemory at 0x7ff918820000 of 64 bytes failed: Only part of a ReadProcessMemory or WriteProcessMemory request was completed. (0x12B)
[0121/090430.330:WARNING:pe_image_reader.cc(340)] could not read dos header from C:\WINDOWS\SYSTEM32\PROPSYS.dll
[0121/090430.330:ERROR:process_memory_win.cc(73)] ReadMemory at 0x7ff91d0f0000 of 64 bytes failed: Only part of a ReadProcessMemory or WriteProcessMemory request was completed. (0x12B)
[0121/090430.330:WARNING:pe_image_reader.cc(340)] could not read dos header from C:\WINDOWS\SYSTEM32\SSPICLI.DLL
[0121/090430.330:ERROR:process_memory_win.cc(73)] ReadMemory at 0x7ff91cdf0000 of 64 bytes failed: Only part of a ReadProcessMemory or WriteProcessMemory request was completed. (0x12B)
[0121/090430.330:WARNING:pe_image_reader.cc(340)] could not read dos header from C:\WINDOWS\System32\MSASN1.dll
[0121/090430.330:ERROR:process_memory_win.cc(73)] ReadMemory at 0x7ff91d8d0000 of 64 bytes failed: Only part of a ReadProcessMemory or WriteProcessMemory request was completed. (0x12B)
[0121/090430.330:WARNING:pe_image_reader.cc(340)] could not read dos header from C:\WINDOWS\System32\bcryptPrimitives.dll
[0121/090430.330:ERROR:process_memory_win.cc(73)] ReadMemory at 0x7ff91ca40000 of 64 bytes failed: Only part of a ReadProcessMemory or WriteProcessMemory request was completed. (0x12B)
[0121/090430.330:WARNING:pe_image_reader.cc(340)] could not read dos header from C:\WINDOWS\SYSTEM32\CRYPTBASE.DLL
[0121/090430.335:ERROR:process_memory_win.cc(73)] ReadMemory at 0x7ff7bc7b0000 of 64 bytes failed: Only part of a ReadProcessMemory or WriteProcessMemory request was completed. (0x12B)
[0121/090430.335:WARNING:pe_image_reader.cc(340)] could not read dos header from C:\Program Files (x86)\Google\Chrome\Application\chrome.exe
[0121/090430.335:ERROR:process_memory_win.cc(73)] ReadMemory at 0x7ff91fad0000 of 64 bytes failed: Only part of a ReadProcessMemory or WriteProcessMemory request was completed. (0x12B)
[0121/090430.335:WARNING:pe_image_reader.cc(340)] could not read dos header from C:\WINDOWS\SYSTEM32\ntdll.dll
[0121/090430.335:ERROR:process_memory_win.cc(73)] ReadMemory at 0x7ff91e570000 of 64 bytes failed: Only part of a ReadProcessMemory or WriteProcessMemory request was completed. (0x12B)
[0121/090430.335:WARNING:pe_image_reader.cc(340)] could not read dos header from C:\WINDOWS\System32\KERNEL32.DLL
[0121/090430.335:ERROR:process_memory_win.cc(73)] ReadMemory at 0x7ff91d600000 of 64 bytes failed: Only part of a ReadProcessMemory or WriteProcessMemory request was completed. (0x12B)
[0121/090430.335:WARNING:pe_image_reader.cc(340)] could not read dos header from C:\WINDOWS\System32\KERNELBASE.dll
[0121/090430.335:ERROR:process_memory_win.cc(73)] ReadMemory at 0x7ff8e0590000 of 64 bytes failed: Only part of a ReadProcessMemory or WriteProcessMemory request was completed. (0x12B)
[0121/090430.335:WARNING:pe_image_reader.cc(340)] could not read dos header from C:\Program Files (x86)\Google\Chrome\Application\87.0.4280.141\chrome_elf.dll
[0121/090430.335:ERROR:process_memory_win.cc(73)] ReadMemory at 0x7ff913180000 of 64 bytes failed: Only part of a ReadProcessMemory or WriteProcessMemory request was completed. (0x12B)
[0121/090430.335:WARNING:pe_image_reader.cc(340)] could not read dos header from C:\WINDOWS\SYSTEM32\VERSION.dll
[0121/090430.335:ERROR:process_memory_win.cc(73)] ReadMemory at 0x7ff91e450000 of 64 bytes failed: Only part of a ReadProcessMemory or WriteProcessMemory request was completed. (0x12B)
[0121/090430.335:WARNING:pe_image_reader.cc(340)] could not read dos header from C:\WINDOWS\System32\msvcrt.dll
[0121/090430.336:ERROR:process_memory_win.cc(73)] ReadMemory at 0x7ff91e710000 of 64 bytes failed: Only part of a ReadProcessMemory or WriteProcessMemory request was completed. (0x12B)
[0121/090430.336:WARNING:pe_image_reader.cc(340)] could not read dos header from C:\WINDOWS\System32\ADVAPI32.dll
[0121/090430.336:ERROR:process_memory_win.cc(73)] ReadMemory at 0x7ff91e3b0000 of 64 bytes failed: Only part of a ReadProcessMemory or WriteProcessMemory request was completed. (0x12B)
[0121/090430.336:WARNING:pe_image_reader.cc(340)] could not read dos header from C:\WINDOWS\System32\sechost.dll
[0121/090430.336:ERROR:process_memory_win.cc(73)] ReadMemory at 0x7ff91dfc0000 of 64 bytes failed: Only part of a ReadProcessMemory or WriteProcessMemory request was completed. (0x12B)
[0121/090430.336:WARNING:pe_image_reader.cc(340)] could not read dos header from C:\WINDOWS\System32\RPCRT4.dll
[0121/090430.336:ERROR:process_memory_win.cc(73)] ReadMemory at 0x7ff8c9c90000 of 64 bytes failed: Only part of a ReadProcessMemory or WriteProcessMemory request was completed. (0x12B)
[0121/090430.336:WARNING:pe_image_reader.cc(340)] could not read dos header from C:\Program Files (x86)\Google\Chrome\Application\87.0.4280.141\chrome.dll
[0121/090430.336:ERROR:process_memory_win.cc(73)] ReadMemory at 0x7ff91e340000 of 64 bytes failed: Only part of a ReadProcessMemory or WriteProcessMemory request was completed. (0x12B)
[0121/090430.336:WARNING:pe_image_reader.cc(340)] could not read dos header from C:\WINDOWS\System32\WS2_32.dll
[0121/090430.336:ERROR:process_memory_win.cc(73)] ReadMemory at 0x7ff91e7d0000 of 64 bytes failed: Only part of a ReadProcessMemory or WriteProcessMemory request was completed. (0x12B)
[0121/090430.336:WARNING:pe_image_reader.cc(340)] could not read dos header from C:\WINDOWS\System32\OLEAUT32.dll
[0121/090430.336:ERROR:process_memory_win.cc(73)] ReadMemory at 0x7ff91d950000 of 64 bytes failed: Only part of a ReadProcessMemory or WriteProcessMemory request was completed. (0x12B)
[0121/090430.336:WARNING:pe_image_reader.cc(340)] could not read dos header from C:\WINDOWS\System32\msvcp_win.dll
[0121/090430.336:ERROR:process_memory_win.cc(73)] ReadMemory at 0x7ff91d500000 of 64 bytes failed: Only part of a ReadProcessMemory or WriteProcessMemory request was completed. (0x12B)
[0121/090430.336:WARNING:pe_image_reader.cc(340)] could not read dos header from C:\WINDOWS\System32\ucrtbase.dll
[0121/090430.336:ERROR:process_memory_win.cc(73)] ReadMemory at 0x7ff91f6d0000 of 64 bytes failed: Only part of a ReadProcessMemory or WriteProcessMemory request was completed. (0x12B)
[0121/090430.336:WARNING:pe_image_reader.cc(340)] could not read dos header from C:\WINDOWS\System32\combase.dll
[0121/090430.336:ERROR:process_memory_win.cc(73)] ReadMemory at 0x7ff91d210000 of 64 bytes failed: Only part of a ReadProcessMemory or WriteProcessMemory request was completed. (0x12B)
[0121/090430.336:WARNING:pe_image_reader.cc(340)] could not read dos header from C:\WINDOWS\System32\WINTRUST.dll
[0121/090430.336:ERROR:process_memory_win.cc(73)] ReadMemory at 0x7ff91d320000 of 64 bytes failed: Only part of a ReadProcessMemory or WriteProcessMemory request was completed. (0x12B)
[0121/090430.336:WARNING:pe_image_reader.cc(340)] could not read dos header from C:\WINDOWS\System32\CRYPT32.dll
[0121/090430.336:ERROR:process_memory_win.cc(73)] ReadMemory at 0x7ff91ae60000 of 64 bytes failed: Only part of a ReadProcessMemory or WriteProcessMemory request was completed. (0x12B)
[0121/090430.337:WARNING:pe_image_reader.cc(340)] could not read dos header from C:\WINDOWS\SYSTEM32\dbghelp.dll
[0121/090430.337:ERROR:process_memory_win.cc(73)] ReadMemory at 0x7ff91c5d0000 of 64 bytes failed: Only part of a ReadProcessMemory or WriteProcessMemory request was completed. (0x12B)
[0121/090430.337:WARNING:pe_image_reader.cc(340)] could not read dos header from C:\WINDOWS\SYSTEM32\IPHLPAPI.DLL
[0121/090430.337:ERROR:process_memory_win.cc(73)] ReadMemory at 0x7ff912e20000 of 64 bytes failed: Only part of a ReadProcessMemory or WriteProcessMemory request was completed. (0x12B)
[0121/090430.337:WARNING:pe_image_reader.cc(340)] could not read dos header from C:\WINDOWS\SYSTEM32\WINMM.dll
[0121/090430.338:ERROR:process_memory_win.cc(73)] ReadMemory at 0x7ff8fcde0000 of 64 bytes failed: Only part of a ReadProcessMemory or WriteProcessMemory request was completed. (0x12B)
[0121/090430.338:WARNING:pe_image_reader.cc(340)] could not read dos header from C:\WINDOWS\SYSTEM32\UIAutomationCore.DLL
[0121/090430.338:ERROR:process_memory_win.cc(73)] ReadMemory at 0x7ff917f40000 of 64 bytes failed: Only part of a ReadProcessMemory or WriteProcessMemory request was completed. (0x12B)
[0121/090430.338:WARNING:pe_image_reader.cc(340)] could not read dos header from C:\WINDOWS\SYSTEM32\Secur32.dll
[0121/090430.338:ERROR:process_memory_win.cc(73)] ReadMemory at 0x7ff91d0c0000 of 64 bytes failed: Only part of a ReadProcessMemory or WriteProcessMemory request was completed. (0x12B)
[0121/090430.338:WARNING:pe_image_reader.cc(340)] could not read dos header from C:\WINDOWS\SYSTEM32\USERENV.dll
[0121/090430.338:ERROR:process_memory_win.cc(73)] ReadMemory at 0x7ff900ea0000 of 64 bytes failed: Only part of a ReadProcessMemory or WriteProcessMemory request was completed. (0x12B)
[0121/090430.338:WARNING:pe_image_reader.cc(340)] could not read dos header from C:\WINDOWS\SYSTEM32\DWrite.dll
[0121/090430.338:ERROR:process_memory_win.cc(73)] ReadMemory at 0x7ff912b10000 of 64 bytes failed: Only part of a ReadProcessMemory or WriteProcessMemory request was completed. (0x12B)
[0121/090430.338:WARNING:pe_image_reader.cc(340)] could not read dos header from C:\WINDOWS\SYSTEM32\WINSPOOL.DRV
[0121/090430.338:ERROR:process_memory_win.cc(73)] ReadMemory at 0x7ff915a90000 of 64 bytes failed: Only part of a ReadProcessMemory or WriteProcessMemory request was completed. (0x12B)
[0121/090430.338:WARNING:pe_image_reader.cc(340)] could not read dos header from C:\WINDOWS\SYSTEM32\WINHTTP.dll
[0121/090430.338:ERROR:process_memory_win.cc(73)] ReadMemory at 0x7ff916850000 of 64 bytes failed: Only part of a ReadProcessMemory or WriteProcessMemory request was completed. (0x12B)
[0121/090430.338:WARNING:pe_image_reader.cc(340)] could not read dos header from C:\WINDOWS\SYSTEM32\dhcpcsvc.DLL
[0121/090430.338:ERROR:process_memory_win.cc(73)] ReadMemory at 0x7ff918820000 of 64 bytes failed: Only part of a ReadProcessMemory or WriteProcessMemory request was completed. (0x12B)
[0121/090430.338:WARNING:pe_image_reader.cc(340)] could not read dos header from C:\WINDOWS\SYSTEM32\PROPSYS.dll
[0121/090430.338:ERROR:process_memory_win.cc(73)] ReadMemory at 0x7ff91d0f0000 of 64 bytes failed: Only part of a ReadProcessMemory or WriteProcessMemory request was completed. (0x12B)
[0121/090430.339:WARNING:pe_image_reader.cc(340)] could not read dos header from C:\WINDOWS\SYSTEM32\SSPICLI.DLL
[0121/090430.339:ERROR:process_memory_win.cc(73)] ReadMemory at 0x7ff91cdf0000 of 64 bytes failed: Only part of a ReadProcessMemory or WriteProcessMemory request was completed. (0x12B)
[0121/090430.339:WARNING:pe_image_reader.cc(340)] could not read dos header from C:\WINDOWS\System32\MSASN1.dll
[0121/090430.339:ERROR:process_memory_win.cc(73)] ReadMemory at 0x7ff91d8d0000 of 64 bytes failed: Only part of a ReadProcessMemory or WriteProcessMemory request was completed. (0x12B)
[0121/090430.339:WARNING:pe_image_reader.cc(340)] could not read dos header from C:\WINDOWS\System32\bcryptPrimitives.dll
[0121/090430.339:ERROR:process_memory_win.cc(73)] ReadMemory at 0x7ff91ca40000 of 64 bytes failed: Only part of a ReadProcessMemory or WriteProcessMemory request was completed. (0x12B)
[0121/090430.339:WARNING:pe_image_reader.cc(340)] could not read dos header from C:\WINDOWS\SYSTEM32\CRYPTBASE.DLL
[0121/090430.339:ERROR:process_memory_win.cc(73)] ReadMemory at 0x7ff7bc7b0000 of 64 bytes failed: Only part of a ReadProcessMemory or WriteProcessMemory request was completed. (0x12B)
[0121/090430.339:WARNING:pe_image_reader.cc(340)] could not read dos header from C:\Program Files (x86)\Google\Chrome\Application\chrome.exe
[0121/090430.339:ERROR:process_memory_win.cc(73)] ReadMemory at 0x7ff91fad0000 of 64 bytes failed: Only part of a ReadProcessMemory or WriteProcessMemory request was completed. (0x12B)
[0121/090430.339:WARNING:pe_image_reader.cc(340)] could not read dos header from C:\WINDOWS\SYSTEM32\ntdll.dll
[0121/090430.339:ERROR:process_memory_win.cc(73)] ReadMemory at 0x7ff91e570000 of 64 bytes failed: Only part of a ReadProcessMemory or WriteProcessMemory request was completed. (0x12B)
[0121/090430.339:WARNING:pe_image_reader.cc(340)] could not read dos header from C:\WINDOWS\System32\KERNEL32.DLL
[0121/090430.339:ERROR:process_memory_win.cc(73)] ReadMemory at 0x7ff91d600000 of 64 bytes failed: Only part of a ReadProcessMemory or WriteProcessMemory request was completed. (0x12B)
[0121/090430.339:WARNING:pe_image_reader.cc(340)] could not read dos header from C:\WINDOWS\System32\KERNELBASE.dll
[0121/090430.340:ERROR:process_memory_win.cc(73)] ReadMemory at 0x7ff8e0590000 of 64 bytes failed: Only part of a ReadProcessMemory or WriteProcessMemory request was completed. (0x12B)
[0121/090430.340:WARNING:pe_image_reader.cc(340)] could not read dos header from C:\Program Files (x86)\Google\Chrome\Application\87.0.4280.141\chrome_elf.dll
[0121/090430.340:ERROR:process_memory_win.cc(73)] ReadMemory at 0x7ff913180000 of 64 bytes failed: Only part of a ReadProcessMemory or WriteProcessMemory request was completed. (0x12B)
[0121/090430.340:WARNING:pe_image_reader.cc(340)] could not read dos header from C:\WINDOWS\SYSTEM32\VERSION.dll
[0121/090430.340:ERROR:process_memory_win.cc(73)] ReadMemory at 0x7ff91e450000 of 64 bytes failed: Only part of a ReadProcessMemory or WriteProcessMemory request was completed. (0x12B)
[0121/090430.340:WARNING:pe_image_reader.cc(340)] could not read dos header from C:\WINDOWS\System32\msvcrt.dll
[0121/090430.340:ERROR:process_memory_win.cc(73)] ReadMemory at 0x7ff91e710000 of 64 bytes failed: Only part of a ReadProcessMemory or WriteProcessMemory request was completed. (0x12B)
[0121/090430.340:WARNING:pe_image_reader.cc(340)] could not read dos header from C:\WINDOWS\System32\ADVAPI32.dll
[0121/090430.340:ERROR:process_memory_win.cc(73)] ReadMemory at 0x7ff91e3b0000 of 64 bytes failed: Only part of a ReadProcessMemory or WriteProcessMemory request was completed. (0x12B)
[0121/090430.340:WARNING:pe_image_reader.cc(340)] could not read dos header from C:\WINDOWS\System32\sechost.dll
[0121/090430.340:ERROR:process_memory_win.cc(73)] ReadMemory at 0x7ff91dfc0000 of 64 bytes failed: Only part of a ReadProcessMemory or WriteProcessMemory request was completed. (0x12B)
[0121/090430.340:WARNING:pe_image_reader.cc(340)] could not read dos header from C:\WINDOWS\System32\RPCRT4.dll
[0121/090430.340:ERROR:process_memory_win.cc(73)] ReadMemory at 0x7ff8c9c90000 of 64 bytes failed: Only part of a ReadProcessMemory or WriteProcessMemory request was completed. (0x12B)
[0121/090430.340:WARNING:pe_image_reader.cc(340)] could not read dos header from C:\Program Files (x86)\Google\Chrome\Application\87.0.4280.141\chrome.dll
[0121/090430.340:ERROR:process_memory_win.cc(73)] ReadMemory at 0x7ff91e340000 of 64 bytes failed: Only part of a ReadProcessMemory or WriteProcessMemory request was completed. (0x12B)
[0121/090430.340:WARNING:pe_image_reader.cc(340)] could not read dos header from C:\WINDOWS\System32\WS2_32.dll
[0121/090430.341:ERROR:process_memory_win.cc(73)] ReadMemory at 0x7ff91e7d0000 of 64 bytes failed: Only part of a ReadProcessMemory or WriteProcessMemory request was completed. (0x12B)
[0121/090430.341:WARNING:pe_image_reader.cc(340)] could not read dos header from C:\WINDOWS\System32\OLEAUT32.dll
[0121/090430.341:ERROR:process_memory_win.cc(73)] ReadMemory at 0x7ff91d950000 of 64 bytes failed: Only part of a ReadProcessMemory or WriteProcessMemory request was completed. (0x12B)
[0121/090430.341:WARNING:pe_image_reader.cc(340)] could not read dos header from C:\WINDOWS\System32\msvcp_win.dll
[0121/090430.341:ERROR:process_memory_win.cc(73)] ReadMemory at 0x7ff91d500000 of 64 bytes failed: Only part of a ReadProcessMemory or WriteProcessMemory request was completed. (0x12B)
[0121/090430.341:WARNING:pe_image_reader.cc(340)] could not read dos header from C:\WINDOWS\System32\ucrtbase.dll
[0121/090430.341:ERROR:process_memory_win.cc(73)] ReadMemory at 0x7ff91f6d0000 of 64 bytes failed: Only part of a ReadProcessMemory or WriteProcessMemory request was completed. (0x12B)
[0121/090430.341:WARNING:pe_image_reader.cc(340)] could not read dos header from C:\WINDOWS\System32\combase.dll
[0121/090430.341:ERROR:process_memory_win.cc(73)] ReadMemory at 0x7ff91d210000 of 64 bytes failed: Only part of a ReadProcessMemory or WriteProcessMemory request was completed. (0x12B)
[0121/090430.341:WARNING:pe_image_reader.cc(340)] could not read dos header from C:\WINDOWS\System32\WINTRUST.dll
[0121/090430.341:ERROR:process_memory_win.cc(73)] ReadMemory at 0x7ff91d320000 of 64 bytes failed: Only part of a ReadProcessMemory or WriteProcessMemory request was completed. (0x12B)
[0121/090430.341:WARNING:pe_image_reader.cc(340)] could not read dos header from C:\WINDOWS\System32\CRYPT32.dll
[0121/090430.341:ERROR:process_memory_win.cc(73)] ReadMemory at 0x7ff91ae60000 of 64 bytes failed: Only part of a ReadProcessMemory or WriteProcessMemory request was completed. (0x12B)
[0121/090430.341:WARNING:pe_image_reader.cc(340)] could not read dos header from C:\WINDOWS\SYSTEM32\dbghelp.dll
[0121/090430.341:ERROR:process_memory_win.cc(73)] ReadMemory at 0x7ff91c5d0000 of 64 bytes failed: Only part of a ReadProcessMemory or WriteProcessMemory request was completed. (0x12B)
[0121/090430.341:WARNING:pe_image_reader.cc(340)] could not read dos header from C:\WINDOWS\SYSTEM32\IPHLPAPI.DLL
[0121/090430.341:ERROR:process_memory_win.cc(73)] ReadMemory at 0x7ff912e20000 of 64 bytes failed: Only part of a ReadProcessMemory or WriteProcessMemory request was completed. (0x12B)
[0121/090430.341:WARNING:pe_image_reader.cc(340)] could not read dos header from C:\WINDOWS\SYSTEM32\WINMM.dll
[0121/090430.341:ERROR:process_memory_win.cc(73)] ReadMemory at 0x7ff8fcde0000 of 64 bytes failed: Only part of a ReadProcessMemory or WriteProcessMemory request was completed. (0x12B)
[0121/090430.341:WARNING:pe_image_reader.cc(340)] could not read dos header from C:\WINDOWS\SYSTEM32\UIAutomationCore.DLL
[0121/090430.341:ERROR:process_memory_win.cc(73)] ReadMemory at 0x7ff917f40000 of 64 bytes failed: Only part of a ReadProcessMemory or WriteProcessMemory request was completed. (0x12B)
[0121/090430.341:WARNING:pe_image_reader.cc(340)] could not read dos header from C:\WINDOWS\SYSTEM32\Secur32.dll
[0121/090430.341:ERROR:process_memory_win.cc(73)] ReadMemory at 0x7ff91d0c0000 of 64 bytes failed: Only part of a ReadProcessMemory or WriteProcessMemory request was completed. (0x12B)
[0121/090430.341:WARNING:pe_image_reader.cc(340)] could not read dos header from C:\WINDOWS\SYSTEM32\USERENV.dll
[0121/090430.342:ERROR:process_memory_win.cc(73)] ReadMemory at 0x7ff900ea0000 of 64 bytes failed: Only part of a ReadProcessMemory or WriteProcessMemory request was completed. (0x12B)
[0121/090430.342:WARNING:pe_image_reader.cc(340)] could not read dos header from C:\WINDOWS\SYSTEM32\DWrite.dll
[0121/090430.342:ERROR:process_memory_win.cc(73)] ReadMemory at 0x7ff912b10000 of 64 bytes failed: Only part of a ReadProcessMemory or WriteProcessMemory request was completed. (0x12B)
[0121/090430.342:WARNING:pe_image_reader.cc(340)] could not read dos header from C:\WINDOWS\SYSTEM32\WINSPOOL.DRV
[0121/090430.342:ERROR:process_memory_win.cc(73)] ReadMemory at 0x7ff915a90000 of 64 bytes failed: Only part of a ReadProcessMemory or WriteProcessMemory request was completed. (0x12B)
[0121/090430.342:WARNING:pe_image_reader.cc(340)] could not read dos header from C:\WINDOWS\SYSTEM32\WINHTTP.dll
[0121/090430.342:ERROR:process_memory_win.cc(73)] ReadMemory at 0x7ff916850000 of 64 bytes failed: Only part of a ReadProcessMemory or WriteProcessMemory request was completed. (0x12B)
[0121/090430.342:WARNING:pe_image_reader.cc(340)] could not read dos header from C:\WINDOWS\SYSTEM32\dhcpcsvc.DLL
[0121/090430.342:ERROR:process_memory_win.cc(73)] ReadMemory at 0x7ff918820000 of 64 bytes failed: Only part of a ReadProcessMemory or WriteProcessMemory request was completed. (0x12B)
[0121/090430.342:WARNING:pe_image_reader.cc(340)] could not read dos header from C:\WINDOWS\SYSTEM32\PROPSYS.dll
[0121/090430.342:ERROR:process_memory_win.cc(73)] ReadMemory at 0x7ff91d0f0000 of 64 bytes failed: Only part of a ReadProcessMemory or WriteProcessMemory request was completed. (0x12B)
[0121/090430.342:WARNING:pe_image_reader.cc(340)] could not read dos header from C:\WINDOWS\SYSTEM32\SSPICLI.DLL
[0121/090430.342:ERROR:process_memory_win.cc(73)] ReadMemory at 0x7ff91cdf0000 of 64 bytes failed: Only part of a ReadProcessMemory or WriteProcessMemory request was completed. (0x12B)
[0121/090430.342:WARNING:pe_image_reader.cc(340)] could not read dos header from C:\WINDOWS\System32\MSASN1.dll
[0121/090430.342:ERROR:process_memory_win.cc(73)] ReadMemory at 0x7ff91d8d0000 of 64 bytes failed: Only part of a ReadProcessMemory or WriteProcessMemory request was completed. (0x12B)
[0121/090430.342:WARNING:pe_image_reader.cc(340)] could not read dos header from C:\WINDOWS\System32\bcryptPrimitives.dll
[0121/090430.342:ERROR:process_memory_win.cc(73)] ReadMemory at 0x7ff91ca40000 of 64 bytes failed: Only part of a ReadProcessMemory or WriteProcessMemory request was completed. (0x12B)
[0121/090430.342:WARNING:pe_image_reader.cc(340)] could not read dos header from C:\WINDOWS\SYSTEM32\CRYPTBASE.DLL
[0121/090431.365:ERROR:process_memory_win.cc(73)] ReadMemory at 0x912bdf2000 of 57344 bytes failed: Only part of a ReadProcessMemory or WriteProcessMemory request was completed. (0x12B)
[0121/090431.365:ERROR:process_memory_win.cc(73)] ReadMemory at 0x912c5fe000 of 8192 bytes failed: Only part of a ReadProcessMemory or WriteProcessMemory request was completed. (0x12B)
[0121/090431.365:ERROR:process_memory_win.cc(73)] ReadMemory at 0x912cdfd000 of 12288 bytes failed: Only part of a ReadProcessMemory or WriteProcessMemory request was completed. (0x12B)
[0121/090431.365:ERROR:process_memory_win.cc(73)] ReadMemory at 0x912d5fe000 of 8192 bytes failed: Only part of a ReadProcessMemory or WriteProcessMemory request was completed. (0x12B)
[0121/090431.365:ERROR:process_memory_win.cc(73)] ReadMemory at 0x912ddfd000 of 12288 bytes failed: Only part of a ReadProcessMemory or WriteProcessMemory request was completed. (0x12B)
[0121/090431.365:ERROR:process_memory_win.cc(73)] ReadMemory at 0x912e5fe000 of 8192 bytes failed: Only part of a ReadProcessMemory or WriteProcessMemory request was completed. (0x12B)
[0121/090431.366:ERROR:process_memory_win.cc(73)] ReadMemory at 0x912edfe000 of 8192 bytes failed: Only part of a ReadProcessMemory or WriteProcessMemory request was completed. (0x12B)
[0121/090431.366:ERROR:process_memory_win.cc(73)] ReadMemory at 0x912f5fe000 of 8192 bytes failed: Only part of a ReadProcessMemory or WriteProcessMemory request was completed. (0x12B)
[0121/090431.366:ERROR:process_memory_win.cc(73)] ReadMemory at 0x912fdfd000 of 12288 bytes failed: Only part of a ReadProcessMemory or WriteProcessMemory request was completed. (0x12B)
[0121/090431.366:ERROR:process_memory_win.cc(73)] ReadMemory at 0x91305fe000 of 8192 bytes failed: Only part of a ReadProcessMemory or WriteProcessMemory request was completed. (0x12B)
[0121/090431.366:ERROR:process_memory_win.cc(73)] ReadMemory at 0x9130dfe000 of 8192 bytes failed: Only part of a ReadProcessMemory or WriteProcessMemory request was completed. (0x12B)
[0121/090431.366:ERROR:process_memory_win.cc(73)] ReadMemory at 0x91315fe000 of 8192 bytes failed: Only part of a ReadProcessMemory or WriteProcessMemory request was completed. (0x12B)
[0121/090431.366:ERROR:process_memory_win.cc(73)] ReadMemory at 0x9131dfe000 of 8192 bytes failed: Only part of a ReadProcessMemory or WriteProcessMemory request was completed. (0x12B)
[0121/090431.366:ERROR:process_memory_win.cc(73)] ReadMemory at 0x91325fe000 of 8192 bytes failed: Only part of a ReadProcessMemory or WriteProcessMemory request was completed. (0x12B)
[0121/090431.366:ERROR:process_memory_win.cc(73)] ReadMemory at 0x9132dfe000 of 8192 bytes failed: Only part of a ReadProcessMemory or WriteProcessMemory request was completed. (0x12B)
[0121/090431.366:ERROR:process_memory_win.cc(73)] ReadMemory at 0x912b4e0000 of 852 bytes failed: Only part of a ReadProcessMemory or WriteProcessMemory request was completed. (0x12B)
[0121/090431.367:ERROR:process_memory_win.cc(73)] ReadMemory at 0x912b4e1000 of 6024 bytes failed: Only part of a ReadProcessMemory or WriteProcessMemory request was completed. (0x12B)
[0121/090431.367:ERROR:process_memory_win.cc(73)] ReadMemory at 0x912b4e3000 of 6024 bytes failed: Only part of a ReadProcessMemory or WriteProcessMemory request was completed. (0x12B)
[0121/090431.367:ERROR:process_memory_win.cc(73)] ReadMemory at 0x912b4e5000 of 6024 bytes failed: Only part of a ReadProcessMemory or WriteProcessMemory request was completed. (0x12B)
[0121/090431.367:ERROR:process_memory_win.cc(73)] ReadMemory at 0x912b4e7000 of 6024 bytes failed: Only part of a ReadProcessMemory or WriteProcessMemory request was completed. (0x12B)
[0121/090431.367:ERROR:process_memory_win.cc(73)] ReadMemory at 0x912b4e9000 of 6024 bytes failed: Only part of a ReadProcessMemory or WriteProcessMemory request was completed. (0x12B)
[0121/090431.367:ERROR:process_memory_win.cc(73)] ReadMemory at 0x912b4eb000 of 6024 bytes failed: Only part of a ReadProcessMemory or WriteProcessMemory request was completed. (0x12B)
[0121/090431.367:ERROR:process_memory_win.cc(73)] ReadMemory at 0x912b4ed000 of 6024 bytes failed: Only part of a ReadProcessMemory or WriteProcessMemory request was completed. (0x12B)
[0121/090431.367:ERROR:process_memory_win.cc(73)] ReadMemory at 0x912b4ef000 of 6024 bytes failed: Only part of a ReadProcessMemory or WriteProcessMemory request was completed. (0x12B)
[0121/090431.367:ERROR:process_memory_win.cc(73)] ReadMemory at 0x912b4f1000 of 6024 bytes failed: Only part of a ReadProcessMemory or WriteProcessMemory request was completed. (0x12B)
[0121/090431.368:ERROR:process_memory_win.cc(73)] ReadMemory at 0x912b4f3000 of 6024 bytes failed: Only part of a ReadProcessMemory or WriteProcessMemory request was completed. (0x12B)
[0121/090431.368:ERROR:process_memory_win.cc(73)] ReadMemory at 0x912b4f5000 of 6024 bytes failed: Only part of a ReadProcessMemory or WriteProcessMemory request was completed. (0x12B)
[0121/090431.368:ERROR:process_memory_win.cc(73)] ReadMemory at 0x912b4f7000 of 6024 bytes failed: Only part of a ReadProcessMemory or WriteProcessMemory request was completed. (0x12B)
[0121/090431.368:ERROR:process_memory_win.cc(73)] ReadMemory at 0x912b4f9000 of 6024 bytes failed: Only part of a ReadProcessMemory or WriteProcessMemory request was completed. (0x12B)
[0121/090431.368:ERROR:process_memory_win.cc(73)] ReadMemory at 0x912b4fb000 of 6024 bytes failed: Only part of a ReadProcessMemory or WriteProcessMemory request was completed. (0x12B)
[0121/090431.368:ERROR:process_memory_win.cc(73)] ReadMemory at 0x912b4fd000 of 6024 bytes failed: Only part of a ReadProcessMemory or WriteProcessMemory request was completed. (0x12B)
[0121/090431.368:ERROR:process_memory_win.cc(73)] ReadMemory at 0x22401312b00 of 512 bytes failed: Only part of a ReadProcessMemory or WriteProcessMemory request was completed. (0x12B)
[0121/090431.368:ERROR:process_memory_win.cc(73)] ReadMemory at 0x22401360fe0 of 14094 bytes failed: Only part of a ReadProcessMemory or WriteProcessMemory request was completed. (0x12B)
[0121/090431.368:ERROR:process_memory_win.cc(73)] ReadMemory at 0x22401364700 of 1012 bytes failed: Only part of a ReadProcessMemory or WriteProcessMemory request was completed. (0x12B)
[0121/090431.368:ERROR:process_memory_win.cc(73)] ReadMemory at 0x22401364d48 of 118 bytes failed: Only part of a ReadProcessMemory or WriteProcessMemory request was completed. (0x12B)
[0121/090431.368:ERROR:process_memory_win.cc(73)] ReadMemory at 0x22401364dc0 of 756 bytes failed: Only part of a ReadProcessMemory or WriteProcessMemory request was completed. (0x12B)
[0121/090431.369:ERROR:process_memory_win.cc(73)] ReadMemory at 0x224013650b6 of 118 bytes failed: Only part of a ReadProcessMemory or WriteProcessMemory request was completed. (0x12B)
[0121/090431.369:ERROR:process_memory_win.cc(73)] ReadMemory at 0x2240136512e of 100 bytes failed: Only part of a ReadProcessMemory or WriteProcessMemory request was completed. (0x12B)
[0121/090431.369:ERROR:process_memory_win.cc(73)] ReadMemory at 0x224013651a0 of 58 bytes failed: Only part of a ReadProcessMemory or WriteProcessMemory request was completed. (0x12B)
[0121/090431.369:ERROR:process_memory_win.cc(73)] ReadMemory at 0x224013652a0 of 132 bytes failed: Only part of a ReadProcessMemory or WriteProcessMemory request was completed. (0x12B)
[0121/090431.369:ERROR:process_memory_win.cc(73)] ReadMemory at 0x22401365430 of 132 bytes failed: Only part of a ReadProcessMemory or WriteProcessMemory request was completed. (0x12B)
[0121/090431.369:ERROR:process_memory_win.cc(73)] ReadMemory at 0x224013655f0 of 126 bytes failed: Only part of a ReadProcessMemory or WriteProcessMemory request was completed. (0x12B)
[0121/090431.369:ERROR:process_memory_win.cc(73)] ReadMemory at 0x22401365af0 of 132 bytes failed: Only part of a ReadProcessMemory or WriteProcessMemory request was completed. (0x12B)
[0121/090431.369:ERROR:process_memory_win.cc(73)] ReadMemory at 0x22401365c80 of 64 bytes failed: Only part of a ReadProcessMemory or WriteProcessMemory request was completed. (0x12B)
[0121/090431.369:ERROR:process_memory_win.cc(73)] ReadMemory at 0x22401365e40 of 132 bytes failed: Only part of a ReadProcessMemory or WriteProcessMemory request was completed. (0x12B)
[0121/090431.369:ERROR:process_memory_win.cc(73)] ReadMemory at 0x22401366100 of 132 bytes failed: Only part of a ReadProcessMemory or WriteProcessMemory request was completed. (0x12B)
[0121/090431.369:ERROR:process_memory_win.cc(73)] ReadMemory at 0x22401366290 of 68 bytes failed: Only part of a ReadProcessMemory or WriteProcessMemory request was completed. (0x12B)
[0121/090431.369:ERROR:process_memory_win.cc(73)] ReadMemory at 0x22401367360 of 132 bytes failed: Only part of a ReadProcessMemory or WriteProcessMemory request was completed. (0x12B)
[0121/090431.370:ERROR:process_memory_win.cc(73)] ReadMemory at 0x22401367490 of 154 bytes failed: Only part of a ReadProcessMemory or WriteProcessMemory request was completed. (0x12B)
[0121/090431.370:ERROR:process_memory_win.cc(73)] ReadMemory at 0x22401368200 of 62 bytes failed: Only part of a ReadProcessMemory or WriteProcessMemory request was completed. (0x12B)
[0121/090431.370:ERROR:process_memory_win.cc(73)] ReadMemory at 0x22401368330 of 132 bytes failed: Only part of a ReadProcessMemory or WriteProcessMemory request was completed. (0x12B)
[0121/090431.370:ERROR:process_memory_win.cc(73)] ReadMemory at 0x224013684c0 of 60 bytes failed: Only part of a ReadProcessMemory or WriteProcessMemory request was completed. (0x12B)
[0121/090431.370:ERROR:process_memory_win.cc(73)] ReadMemory at 0x22401377a80 of 64 bytes failed: Only part of a ReadProcessMemory or WriteProcessMemory request was completed. (0x12B)
[0121/090431.370:ERROR:process_memory_win.cc(73)] ReadMemory at 0x22401377b20 of 64 bytes failed: Only part of a ReadProcessMemory or WriteProcessMemory request was completed. (0x12B)
[0121/090431.370:ERROR:process_memory_win.cc(73)] ReadMemory at 0x22401377c10 of 60 bytes failed: Only part of a ReadProcessMemory or WriteProcessMemory request was completed. (0x12B)
[0121/090431.370:ERROR:process_memory_win.cc(73)] ReadMemory at 0x22401377c60 of 66 bytes failed: Only part of a ReadProcessMemory or WriteProcessMemory request was completed. (0x12B)
[0121/090431.370:ERROR:process_memory_win.cc(73)] ReadMemory at 0x22401377d00 of 60 bytes failed: Only part of a ReadProcessMemory or WriteProcessMemory request was completed. (0x12B)
[0121/090431.370:ERROR:process_memory_win.cc(73)] ReadMemory at 0x22401377da0 of 64 bytes failed: Only part of a ReadProcessMemory or WriteProcessMemory request was completed. (0x12B)
[0121/090431.370:ERROR:process_memory_win.cc(73)] ReadMemory at 0x22401377df0 of 62 bytes failed: Only part of a ReadProcessMemory or WriteProcessMemory request was completed. (0x12B)
[0121/090431.370:ERROR:process_memory_win.cc(73)] ReadMemory at 0x22401377e40 of 62 bytes failed: Only part of a ReadProcessMemory or WriteProcessMemory request was completed. (0x12B)
[0121/090431.370:ERROR:process_memory_win.cc(73)] ReadMemory at 0x22401377e90 of 64 bytes failed: Only part of a ReadProcessMemory or WriteProcessMemory request was completed. (0x12B)
[0121/090431.370:ERROR:process_memory_win.cc(73)] ReadMemory at 0x22401377f80 of 64 bytes failed: Only part of a ReadProcessMemory or WriteProcessMemory request was completed. (0x12B)
[0121/090431.370:ERROR:process_memory_win.cc(73)] ReadMemory at 0x224013780c0 of 62 bytes failed: Only part of a ReadProcessMemory or WriteProcessMemory request was completed. (0x12B)
[0121/090431.371:ERROR:process_memory_win.cc(73)] ReadMemory at 0x22401378110 of 62 bytes failed: Only part of a ReadProcessMemory or WriteProcessMemory request was completed. (0x12B)
[0121/090431.371:ERROR:process_memory_win.cc(73)] ReadMemory at 0x224013781b0 of 60 bytes failed: Only part of a ReadProcessMemory or WriteProcessMemory request was completed. (0x12B)
[0121/090431.371:ERROR:process_memory_win.cc(73)] ReadMemory at 0x22401378200 of 64 bytes failed: Only part of a ReadProcessMemory or WriteProcessMemory request was completed. (0x12B)
[0121/090431.371:ERROR:process_memory_win.cc(73)] ReadMemory at 0x22401378250 of 62 bytes failed: Only part of a ReadProcessMemory or WriteProcessMemory request was completed. (0x12B)
[0121/090431.371:ERROR:process_memory_win.cc(73)] ReadMemory at 0x224013782a0 of 62 bytes failed: Only part of a ReadProcessMemory or WriteProcessMemory request was completed. (0x12B)
[0121/090431.371:ERROR:process_memory_win.cc(73)] ReadMemory at 0x22401378430 of 58 bytes failed: Only part of a ReadProcessMemory or WriteProcessMemory request was completed. (0x12B)
[0121/090431.371:ERROR:process_memory_win.cc(73)] ReadMemory at 0x22401378480 of 62 bytes failed: Only part of a ReadProcessMemory or WriteProcessMemory request was completed. (0x12B)
[0121/090431.371:ERROR:process_memory_win.cc(73)] ReadMemory at 0x22401378610 of 62 bytes failed: Only part of a ReadProcessMemory or WriteProcessMemory request was completed. (0x12B)
[0121/090431.371:ERROR:process_memory_win.cc(73)] ReadMemory at 0x224013786b0 of 64 bytes failed: Only part of a ReadProcessMemory or WriteProcessMemory request was completed. (0x12B)
[0121/090431.371:ERROR:process_memory_win.cc(73)] ReadMemory at 0x22401378750 of 62 bytes failed: Only part of a ReadProcessMemory or WriteProcessMemory request was completed. (0x12B)
[0121/090431.371:ERROR:process_memory_win.cc(73)] ReadMemory at 0x2240137a6b0 of 132 bytes failed: Only part of a ReadProcessMemory or WriteProcessMemory request was completed. (0x12B)
[0121/090431.371:ERROR:process_memory_win.cc(73)] ReadMemory at 0x2240137a990 of 132 bytes failed: Only part of a ReadProcessMemory or WriteProcessMemory request was completed. (0x12B)
[0121/090431.372:ERROR:process_memory_win.cc(73)] ReadMemory at 0x2240137b800 of 132 bytes failed: Only part of a ReadProcessMemory or WriteProcessMemory request was completed. (0x12B)
[0121/090431.372:ERROR:process_memory_win.cc(73)] ReadMemory at 0x2240137b930 of 132 bytes failed: Only part of a ReadProcessMemory or WriteProcessMemory request was completed. (0x12B)
[0121/090431.372:ERROR:process_memory_win.cc(73)] ReadMemory at 0x2240137bc50 of 132 bytes failed: Only part of a ReadProcessMemory or WriteProcessMemory request was completed. (0x12B)
[0121/090431.372:ERROR:process_memory_win.cc(73)] ReadMemory at 0x2240137be70 of 132 bytes failed: Only part of a ReadProcessMemory or WriteProcessMemory request was completed. (0x12B)
[0121/090431.372:ERROR:process_memory_win.cc(73)] ReadMemory at 0x2240137c1c0 of 132 bytes failed: Only part of a ReadProcessMemory or WriteProcessMemory request was completed. (0x12B)
[0121/090431.372:ERROR:process_memory_win.cc(73)] ReadMemory at 0x2240137efa0 of 132 bytes failed: Only part of a ReadProcessMemory or WriteProcessMemory request was completed. (0x12B)
[0121/090431.372:ERROR:process_memory_win.cc(73)] ReadMemory at 0x2240137f0d0 of 132 bytes failed: Only part of a ReadProcessMemory or WriteProcessMemory request was completed. (0x12B)
[0121/090431.372:ERROR:process_memory_win.cc(73)] ReadMemory at 0x2240137f200 of 132 bytes failed: Only part of a ReadProcessMemory or WriteProcessMemory request was completed. (0x12B)
[0121/090431.372:ERROR:process_memory_win.cc(73)] ReadMemory at 0x2240137f330 of 132 bytes failed: Only part of a ReadProcessMemory or WriteProcessMemory request was completed. (0x12B)
[0121/090431.372:ERROR:process_memory_win.cc(73)] ReadMemory at 0x2240137f460 of 132 bytes failed: Only part of a ReadProcessMemory or WriteProcessMemory request was completed. (0x12B)
[0121/090431.372:ERROR:process_memory_win.cc(73)] ReadMemory at 0x2240137f590 of 132 bytes failed: Only part of a ReadProcessMemory or WriteProcessMemory request was completed. (0x12B)
[0121/090431.372:ERROR:process_memory_win.cc(73)] ReadMemory at 0x2240137f6c0 of 132 bytes failed: Only part of a ReadProcessMemory or WriteProcessMemory request was completed. (0x12B)
[0121/090431.373:ERROR:process_memory_win.cc(73)] ReadMemory at 0x2240137f7f0 of 132 bytes failed: Only part of a ReadProcessMemory or WriteProcessMemory request was completed. (0x12B)
[0121/090431.373:ERROR:process_memory_win.cc(73)] ReadMemory at 0x2240137f920 of 132 bytes failed: Only part of a ReadProcessMemory or WriteProcessMemory request was completed. (0x12B)
[0121/090431.373:ERROR:process_memory_win.cc(73)] ReadMemory at 0x2240137fa50 of 132 bytes failed: Only part of a ReadProcessMemory or WriteProcessMemory request was completed. (0x12B)
[0121/090431.373:ERROR:process_memory_win.cc(73)] ReadMemory at 0x2240137fb80 of 132 bytes failed: Only part of a ReadProcessMemory or WriteProcessMemory request was completed. (0x12B)
[0121/090431.373:ERROR:process_memory_win.cc(73)] ReadMemory at 0x2240137fcb0 of 132 bytes failed: Only part of a ReadProcessMemory or WriteProcessMemory request was completed. (0x12B)
[0121/090431.373:ERROR:process_memory_win.cc(73)] ReadMemory at 0x2240137fde0 of 132 bytes failed: Only part of a ReadProcessMemory or WriteProcessMemory request was completed. (0x12B)
[0121/090431.373:ERROR:process_memory_win.cc(73)] ReadMemory at 0x22401380590 of 80 bytes failed: Only part of a ReadProcessMemory or WriteProcessMemory request was completed. (0x12B)
[0121/090431.373:ERROR:process_memory_win.cc(73)] ReadMemory at 0x224013808f0 of 80 bytes failed: Only part of a ReadProcessMemory or WriteProcessMemory request was completed. (0x12B)
[0121/090431.373:ERROR:process_memory_win.cc(73)] ReadMemory at 0x224013838e0 of 132 bytes failed: Only part of a ReadProcessMemory or WriteProcessMemory request was completed. (0x12B)
[0121/090431.373:ERROR:process_memory_win.cc(73)] ReadMemory at 0x22401388ba0 of 132 bytes failed: Only part of a ReadProcessMemory or WriteProcessMemory request was completed. (0x12B)
[0121/090431.373:ERROR:process_memory_win.cc(73)] ReadMemory at 0x22401388cd0 of 146 bytes failed: Only part of a ReadProcessMemory or WriteProcessMemory request was completed. (0x12B)
[0121/090431.373:ERROR:process_memory_win.cc(73)] ReadMemory at 0x2240138c2d0 of 132 bytes failed: Only part of a ReadProcessMemory or WriteProcessMemory request was completed. (0x12B)
[0121/090431.373:ERROR:process_memory_win.cc(73)] ReadMemory at 0x2240138c400 of 132 bytes failed: Only part of a ReadProcessMemory or WriteProcessMemory request was completed. (0x12B)
[0121/090431.373:ERROR:process_memory_win.cc(73)] ReadMemory at 0x2240138ceb0 of 132 bytes failed: Only part of a ReadProcessMemory or WriteProcessMemory request was completed. (0x12B)
[0121/090431.374:ERROR:process_memory_win.cc(73)] ReadMemory at 0x22401395310 of 60 bytes failed: Only part of a ReadProcessMemory or WriteProcessMemory request was completed. (0x12B)
[0121/090431.374:ERROR:process_memory_win.cc(73)] ReadMemory at 0x224013e2de0 of 512 bytes failed: Only part of a ReadProcessMemory or WriteProcessMemory request was completed. (0x12B)
[0121/090431.374:ERROR:process_memory_win.cc(73)] ReadMemory at 0x224013e5250 of 896 bytes failed: Only part of a ReadProcessMemory or WriteProcessMemory request was completed. (0x12B)
[0121/090431.374:ERROR:process_memory_win.cc(73)] ReadMemory at 0x224013e5b50 of 512 bytes failed: Only part of a ReadProcessMemory or WriteProcessMemory request was completed. (0x12B)
[0121/090431.374:ERROR:process_memory_win.cc(73)] ReadMemory at 0x224013f1fd8 of 512 bytes failed: Only part of a ReadProcessMemory or WriteProcessMemory request was completed. (0x12B)
[0121/090431.374:ERROR:process_memory_win.cc(73)] ReadMemory at 0x224013fcb40 of 712 bytes failed: Only part of a ReadProcessMemory or WriteProcessMemory request was completed. (0x12B)
[0121/090431.374:ERROR:process_memory_win.cc(73)] ReadMemory at 0x224013fd3c8 of 512 bytes failed: Only part of a ReadProcessMemory or WriteProcessMemory request was completed. (0x12B)
[0121/090431.374:ERROR:process_memory_win.cc(73)] ReadMemory at 0x22401414960 of 512 bytes failed: Only part of a ReadProcessMemory or WriteProcessMemory request was completed. (0x12B)
[0121/090431.374:ERROR:process_memory_win.cc(73)] ReadMemory at 0x2240141d9e0 of 512 bytes failed: Only part of a ReadProcessMemory or WriteProcessMemory request was completed. (0x12B)
[0121/090431.374:ERROR:process_memory_win.cc(73)] ReadMemory at 0x22401423170 of 512 bytes failed: Only part of a ReadProcessMemory or WriteProcessMemory request was completed. (0x12B)
[0121/090431.374:ERROR:process_memory_win.cc(73)] ReadMemory at 0x22402db93c0 of 512 bytes failed: Only part of a ReadProcessMemory or WriteProcessMemory request was completed. (0x12B)
[0121/090431.374:ERROR:process_memory_win.cc(73)] ReadMemory at 0x22402dc0970 of 512 bytes failed: Only part of a ReadProcessMemory or WriteProcessMemory request was completed. (0x12B)
[0121/090431.375:ERROR:process_memory_win.cc(73)] ReadMemory at 0x22402e67430 of 512 bytes failed: Only part of a ReadProcessMemory or WriteProcessMemory request was completed. (0x12B)
[0121/090431.375:ERROR:process_memory_win.cc(73)] ReadMemory at 0x22402fba280 of 512 bytes failed: Only part of a ReadProcessMemory or WriteProcessMemory request was completed. (0x12B)
[0121/090431.375:ERROR:process_memory_win.cc(73)] ReadMemory at 0x22403058aa0 of 512 bytes failed: Only part of a ReadProcessMemory or WriteProcessMemory request was completed. (0x12B)
[0121/090431.375:ERROR:process_memory_win.cc(73)] ReadMemory at 0x36bfd429d6c8 of 512 bytes failed: Only part of a ReadProcessMemory or WriteProcessMemory request was completed. (0x12B)
[0121/090431.375:ERROR:process_memory_win.cc(73)] ReadMemory at 0x7ff8cc0c1e80 of 512 bytes failed: Only part of a ReadProcessMemory or WriteProcessMemory request was completed. (0x12B)
[0121/090431.375:ERROR:process_memory_win.cc(73)] ReadMemory at 0x7ff8cc4895dc of 512 bytes failed: Only part of a ReadProcessMemory or WriteProcessMemory request was completed. (0x12B)
[0121/090431.375:ERROR:process_memory_win.cc(73)] ReadMemory at 0x7ff8cdd44235 of 512 bytes failed: Only part of a ReadProcessMemory or WriteProcessMemory request was completed. (0x12B)
[0121/090431.375:ERROR:process_memory_win.cc(73)] ReadMemory at 0x7ff8d201ccd0 of 512 bytes failed: Only part of a ReadProcessMemory or WriteProcessMemory request was completed. (0x12B)
[0121/090431.375:ERROR:process_memory_win.cc(73)] ReadMemory at 0x7ff8d206f0e0 of 512 bytes failed: Only part of a ReadProcessMemory or WriteProcessMemory request was completed. (0x12B)
[0121/090431.375:ERROR:process_memory_win.cc(73)] ReadMemory at 0x7ff8d2a0d438 of 512 bytes failed: Only part of a ReadProcessMemory or WriteProcessMemory request was completed. (0x12B)
[0121/090431.375:ERROR:process_memory_win.cc(73)] ReadMemory at 0x7ff91e594a50 of 512 bytes failed: Only part of a ReadProcessMemory or WriteProcessMemory request was completed. (0x12B)
[0121/090431.375:ERROR:process_memory_win.cc(73)] ReadMemory at 0x7ff91fb6bfb4 of 672 bytes failed: Only part of a ReadProcessMemory or WriteProcessMemory request was completed. (0x12B)
[0121/090431.376:ERROR:process_memory_win.cc(73)] ReadMemory at 0x7ff91fb6c5b4 of 512 bytes failed: Only part of a ReadProcessMemory or WriteProcessMemory request was completed. (0x12B)
[0121/090431.376:ERROR:process_memory_win.cc(73)] ReadMemory at 0x7ff91fb6f924 of 608 bytes failed: Only part of a ReadProcessMemory or WriteProcessMemory request was completed. (0x12B)
[0121/090431.376:ERROR:process_memory_win.cc(73)] ReadMemory at 0x7ff91fc00a00 of 18 bytes failed: Only part of a ReadProcessMemory or WriteProcessMemory request was completed. (0x12B)
[0121/090431.376:ERROR:process_memory_win.cc(73)] ReadMemory at 0x7ff91fc354f8 of 40 bytes failed: Only part of a ReadProcessMemory or WriteProcessMemory request was completed. (0x12B)
[0121/090431.376:ERROR:process_memory_win.cc(73)] ReadMemory at 0x7ff91fc35978 of 48 bytes failed: Only part of a ReadProcessMemory or WriteProcessMemory request was completed. (0x12B)
[0121/090431.376:ERROR:process_memory_win.cc(73)] ReadMemory at 0x7ff91fc3b4c0 of 64 bytes failed: Only part of a ReadProcessMemory or WriteProcessMemory request was completed. (0x12B)
[0121/090431.377:ERROR:scoped_process_suspend.cc(40)] NtResumeProcess: An attempt was made to access an exiting process. (0xc000010a)
[0121/091251.364:ERROR:directory_reader_win.cc(43)] FindFirstFile: The system cannot find the path specified. (0x3)
[0121/230704.888:ERROR:process_reader_win.cc(123)] NtOpenThread: {Access Denied} A process has requested access to an object, but has not been granted those access rights. (0xc0000022)
[0121/230704.920:ERROR:exception_snapshot_win.cc(99)] thread ID 16376 not found in process
[0122/092845.187:ERROR:directory_reader_win.cc(43)] FindFirstFile: The system cannot find the path specified. (0x3)
[0122/232354.994:ERROR:process_reader_win.cc(123)] NtOpenThread: {Access Denied} A process has requested access to an object, but has not been granted those access rights. (0xc0000022)
[0122/232355.585:ERROR:exception_snapshot_win.cc(99)] thread ID 3724 not found in process
[0124/092940.323:ERROR:directory_reader_win.cc(43)] FindFirstFile: The system cannot find the path specified. (0x3)
[0124/231055.051:ERROR:process_reader_win.cc(123)] NtOpenThread: {Access Denied} A process has requested access to an object, but has not been granted those access rights. (0xc0000022)
[0124/231055.424:ERROR:exception_snapshot_win.cc(99)] thread ID 17956 not found in process
[0125/092322.269:ERROR:directory_reader_win.cc(43)] FindFirstFile: The system cannot find the path specified. (0x3)
